# JRE version: Java(TM) SE Runtime Environment (8.0_201-b09) (build 1.8.0_201-b09)
# Java VM: Java HotSpot(TM) 64-Bit Server VM (25.201-b09 mixed mode windows-amd64 compressed oops)
Heap:
 PSYoungGen      total 75776K, used 62457K [0x000000076b600000, 0x0000000774a00000, 0x00000007c0000000)
  eden space 65024K, 96% used [0x000000076b600000,0x000000076f2fe760,0x000000076f580000)
  from space 10752K, 0% used [0x000000076f580000,0x000000076f580000,0x0000000770000000)
  to   space 10752K, 0% used [0x0000000773f80000,0x0000000773f80000,0x0000000774a00000)
 ParOldGen       total 100864K, used 8012K [0x00000006c2200000, 0x00000006c8480000, 0x000000076b600000)
  object space 100864K, 7% used [0x00000006c2200000,0x00000006c29d3030,0x00000006c8480000)
 Metaspace       used 25458K, capacity 26940K, committed 27136K, reserved 1073152K
  class space    used 3424K, capacity 3743K, committed 3840K, reserved 1048576K
GC Heap History (8 events):
Event: 2.025 GC heap before
{Heap before GC invocations=1 (full 0):
 PSYoungGen      total 75776K, used 65024K [0x000000076b600000, 0x0000000770a80000, 0x00000007c0000000)
  eden space 65024K, 100% used [0x000000076b600000,0x000000076f580000,0x000000076f580000)
  from space 10752K, 0% used [0x0000000770000000,0x0000000770000000,0x0000000770a80000)
  to   space 10752K, 0% used [0x000000076f580000,0x000000076f580000,0x0000000770000000)
 ParOldGen       total 173568K, used 0K [0x00000006c2200000, 0x00000006ccb80000, 0x000000076b600000)
  object space 173568K, 0% used [0x00000006c2200000,0x00000006c2200000,0x00000006ccb80000)
 Metaspace       used 10722K, capacity 11514K, committed 11520K, reserved 1058816K
  class space    used 1358K, capacity 1532K, committed 1536K, reserved 1048576K
Event: 2.034 GC heap after
Heap after GC invocations=1 (full 0):
 PSYoungGen      total 75776K, used 6222K [0x000000076b600000, 0x0000000770a80000, 0x00000007c0000000)
  eden space 65024K, 0% used [0x000000076b600000,0x000000076b600000,0x000000076f580000)
  from space 10752K, 57% used [0x000000076f580000,0x000000076fb939d8,0x0000000770000000)
  to   space 10752K, 0% used [0x0000000770000000,0x0000000770000000,0x0000000770a80000)
 ParOldGen       total 173568K, used 16K [0x00000006c2200000, 0x00000006ccb80000, 0x000000076b600000)
  object space 173568K, 0% used [0x00000006c2200000,0x00000006c2204000,0x00000006ccb80000)
 Metaspace       used 10722K, capacity 11514K, committed 11520K, reserved 1058816K
  class space    used 1358K, capacity 1532K, committed 1536K, reserved 1048576K
}
Event: 3.427 GC heap before
{Heap before GC invocations=2 (full 0):
 PSYoungGen      total 75776K, used 71246K [0x000000076b600000, 0x0000000770a80000, 0x00000007c0000000)
  eden space 65024K, 100% used [0x000000076b600000,0x000000076f580000,0x000000076f580000)
  from space 10752K, 57% used [0x000000076f580000,0x000000076fb939d8,0x0000000770000000)
  to   space 10752K, 0% used [0x0000000770000000,0x0000000770000000,0x0000000770a80000)
 ParOldGen       total 173568K, used 16K [0x00000006c2200000, 0x00000006ccb80000, 0x000000076b600000)
  object space 173568K, 0% used [0x00000006c2200000,0x00000006c2204000,0x00000006ccb80000)
 Metaspace       used 16405K, capacity 17498K, committed 17664K, reserved 1064960K
  class space    used 2069K, capacity 2290K, committed 2304K, reserved 1048576K
Event: 3.449 GC heap after
Heap after GC invocations=2 (full 0):
 PSYoungGen      total 75776K, used 8009K [0x000000076b600000, 0x0000000770a80000, 0x00000007c0000000)
  eden space 65024K, 0% used [0x000000076b600000,0x000000076b600000,0x000000076f580000)
  from space 10752K, 74% used [0x0000000770000000,0x00000007707d2728,0x0000000770a80000)
  to   space 10752K, 0% used [0x000000076f580000,0x000000076f580000,0x0000000770000000)
 ParOldGen       total 173568K, used 24K [0x00000006c2200000, 0x00000006ccb80000, 0x000000076b600000)
  object space 173568K, 0% used [0x00000006c2200000,0x00000006c2206000,0x00000006ccb80000)
 Metaspace       used 16405K, capacity 17498K, committed 17664K, reserved 1064960K
  class space    used 2069K, capacity 2290K, committed 2304K, reserved 1048576K
}
Event: 4.234 GC heap before
{Heap before GC invocations=3 (full 0):
 PSYoungGen      total 75776K, used 52208K [0x000000076b600000, 0x0000000770a80000, 0x00000007c0000000)
  eden space 65024K, 67% used [0x000000076b600000,0x000000076e129aa8,0x000000076f580000)
  from space 10752K, 74% used [0x0000000770000000,0x00000007707d2728,0x0000000770a80000)
  to   space 10752K, 0% used [0x000000076f580000,0x000000076f580000,0x0000000770000000)
 ParOldGen       total 173568K, used 24K [0x00000006c2200000, 0x00000006ccb80000, 0x000000076b600000)
  object space 173568K, 0% used [0x00000006c2200000,0x00000006c2206000,0x00000006ccb80000)
 Metaspace       used 20051K, capacity 21182K, committed 21296K, reserved 1067008K
  class space    used 2620K, capacity 2872K, committed 2944K, reserved 1048576K
Event: 4.277 GC heap after
Heap after GC invocations=3 (full 0):
 PSYoungGen      total 75776K, used 8271K [0x000000076b600000, 0x0000000774a00000, 0x00000007c0000000)
  eden space 65024K, 0% used [0x000000076b600000,0x000000076b600000,0x000000076f580000)
  from space 10752K, 76% used [0x000000076f580000,0x000000076fd93e88,0x0000000770000000)
  to   space 10752K, 0% used [0x0000000773f80000,0x0000000773f80000,0x0000000774a00000)
 ParOldGen       total 173568K, used 32K [0x00000006c2200000, 0x00000006ccb80000, 0x000000076b600000)
  object space 173568K, 0% used [0x00000006c2200000,0x00000006c2208000,0x00000006ccb80000)
 Metaspace       used 20051K, capacity 21182K, committed 21296K, reserved 1067008K
  class space    used 2620K, capacity 2872K, committed 2944K, reserved 1048576K
}
Event: 4.277 GC heap before
{Heap before GC invocations=4 (full 1):
 PSYoungGen      total 75776K, used 8271K [0x000000076b600000, 0x0000000774a00000, 0x00000007c0000000)
  eden space 65024K, 0% used [0x000000076b600000,0x000000076b600000,0x000000076f580000)
  from space 10752K, 76% used [0x000000076f580000,0x000000076fd93e88,0x0000000770000000)
  to   space 10752K, 0% used [0x0000000773f80000,0x0000000773f80000,0x0000000774a00000)
 ParOldGen       total 173568K, used 32K [0x00000006c2200000, 0x00000006ccb80000, 0x000000076b600000)
  object space 173568K, 0% used [0x00000006c2200000,0x00000006c2208000,0x00000006ccb80000)
 Metaspace       used 20051K, capacity 21182K, committed 21296K, reserved 1067008K
  class space    used 2620K, capacity 2872K, committed 2944K, reserved 1048576K
Event: 4.351 GC heap after
Heap after GC invocations=4 (full 1):
 PSYoungGen      total 75776K, used 0K [0x000000076b600000, 0x0000000774a00000, 0x00000007c0000000)
  eden space 65024K, 0% used [0x000000076b600000,0x000000076b600000,0x000000076f580000)
  from space 10752K, 0% used [0x000000076f580000,0x000000076f580000,0x0000000770000000)
  to   space 10752K, 0% used [0x0000000773f80000,0x0000000773f80000,0x0000000774a00000)
 ParOldGen       total 100864K, used 8012K [0x00000006c2200000, 0x00000006c8480000, 0x000000076b600000)
  object space 100864K, 7% used [0x00000006c2200000,0x00000006c29d3030,0x00000006c8480000)
 Metaspace       used 20051K, capacity 21182K, committed 21296K, reserved 1067008K
  class space    used 2620K, capacity 2872K, committed 2944K, reserved 1048576K
}

